# JRE version: OpenJDK Runtime Environment GraalVM CE 22.3.0 (17.0.5+8) (build 17.0.5+8-jvmci-22.3-b08)
# Java VM: OpenJDK 64-Bit Server VM GraalVM CE 22.3.0 (17.0.5+8-jvmci-22.3-b08, mixed mode, sharing, tiered, jvmci, jvmci compiler, compressed oops, compressed class ptrs, parallel gc, linux-amd64)
GC Precious Log:
 CPUs: 16 total, 1 available
 Memory: 1024M
 Large Page Support: Disabled
 NUMA Support: Disabled
 Compressed Oops: Enabled (32-bit)
 Alignments: Space 512K, Generation 512K, Heap 2M
 Heap Min Capacity: 100M
 Heap Initial Capacity: 100M
 Heap Max Capacity: 512M
 Pre-touch: Disabled
 Parallel Workers: 1
Heap:
 PSYoungGen      total 55808K, used 35328K [0x00000000f5580000, 0x00000000fa300000, 0x0000000100000000)
  eden space 35328K, 100% used [0x00000000f5580000,0x00000000f7800000,0x00000000f7800000)
  from space 20480K, 0% used [0x00000000f8f00000,0x00000000f8f00000,0x00000000fa300000)
  to   space 14336K, 0% used [0x00000000f7800000,0x00000000f7800000,0x00000000f8600000)
 ParOldGen       total 349696K, used 349695K [0x00000000e0000000, 0x00000000f5580000, 0x00000000f5580000)
  object space 349696K, 99% used [0x00000000e0000000,0x00000000f557ff88,0x00000000f5580000)
 Metaspace       used 57210K, committed 58048K, reserved 1105920K
  class space    used 5557K, committed 5888K, reserved 1048576K
GC Heap History (20 events):
Event: 3223.883 GC heap before
{Heap before GC invocations=1270 (full 1206):
 PSYoungGen      total 55808K, used 35328K [0x00000000f5580000, 0x00000000fa300000, 0x0000000100000000)
  eden space 35328K, 100% used [0x00000000f5580000,0x00000000f7800000,0x00000000f7800000)
  from space 20480K, 0% used [0x00000000f8f00000,0x00000000f8f00000,0x00000000fa300000)
  to   space 14336K, 0% used [0x00000000f7800000,0x00000000f7800000,0x00000000f8600000)
 ParOldGen       total 349696K, used 349688K [0x00000000e0000000, 0x00000000f5580000, 0x00000000f5580000)
  object space 349696K, 99% used [0x00000000e0000000,0x00000000f557e238,0x00000000f5580000)
 Metaspace       used 57210K, committed 58048K, reserved 1105920K
  class space    used 5557K, committed 5888K, reserved 1048576K
}
Event: 3226.484 GC heap after
{Heap after GC invocations=1270 (full 1206):
 PSYoungGen      total 49664K, used 35328K [0x00000000f5580000, 0x00000000fa300000, 0x0000000100000000)
  eden space 35328K, 100% used [0x00000000f5580000,0x00000000f7800000,0x00000000f7800000)
  from space 14336K, 0% used [0x00000000f7800000,0x00000000f7800000,0x00000000f8600000)
  to   space 20480K, 0% used [0x00000000f8f00000,0x00000000f8f00000,0x00000000fa300000)
 ParOldGen       total 349696K, used 349688K [0x00000000e0000000, 0x00000000f5580000, 0x00000000f5580000)
  object space 349696K, 99% used [0x00000000e0000000,0x00000000f557e238,0x00000000f5580000)
 Metaspace       used 57210K, committed 58048K, reserved 1105920K
  class space    used 5557K, committed 5888K, reserved 1048576K
}
Event: 3226.484 GC heap before
{Heap before GC invocations=1271 (full 1207):
 PSYoungGen      total 49664K, used 35328K [0x00000000f5580000, 0x00000000fa300000, 0x0000000100000000)
  eden space 35328K, 100% used [0x00000000f5580000,0x00000000f7800000,0x00000000f7800000)
  from space 14336K, 0% used [0x00000000f7800000,0x00000000f7800000,0x00000000f8600000)
  to   space 20480K, 0% used [0x00000000f8f00000,0x00000000f8f00000,0x00000000fa300000)
 ParOldGen       total 349696K, used 349692K [0x00000000e0000000, 0x00000000f5580000, 0x00000000f5580000)
  object space 349696K, 99% used [0x00000000e0000000,0x00000000f557f208,0x00000000f5580000)
 Metaspace       used 57210K, committed 58048K, reserved 1105920K
  class space    used 5557K, committed 5888K, reserved 1048576K
}
Event: 3228.726 GC heap after
{Heap after GC invocations=1271 (full 1207):
 PSYoungGen      total 55808K, used 35328K [0x00000000f5580000, 0x00000000fa300000, 0x0000000100000000)
  eden space 35328K, 100% used [0x00000000f5580000,0x00000000f7800000,0x00000000f7800000)
  from space 20480K, 0% used [0x00000000f8f00000,0x00000000f8f00000,0x00000000fa300000)
  to   space 14336K, 0% used [0x00000000f7800000,0x00000000f7800000,0x00000000f8600000)
 ParOldGen       total 349696K, used 349691K [0x00000000e0000000, 0x00000000f5580000, 0x00000000f5580000)
  object space 349696K, 99% used [0x00000000e0000000,0x00000000f557ee68,0x00000000f5580000)
 Metaspace       used 57210K, committed 58048K, reserved 1105920K
  class space    used 5557K, committed 5888K, reserved 1048576K
}
Event: 3228.726 GC heap before
{Heap before GC invocations=1272 (full 1208):
 PSYoungGen      total 55808K, used 35328K [0x00000000f5580000, 0x00000000fa300000, 0x0000000100000000)
  eden space 35328K, 100% used [0x00000000f5580000,0x00000000f7800000,0x00000000f7800000)
  from space 20480K, 0% used [0x00000000f8f00000,0x00000000f8f00000,0x00000000fa300000)
  to   space 14336K, 0% used [0x00000000f7800000,0x00000000f7800000,0x00000000f8600000)
 ParOldGen       total 349696K, used 349693K [0x00000000e0000000, 0x00000000f5580000, 0x00000000f5580000)
  object space 349696K, 99% used [0x00000000e0000000,0x00000000f557f668,0x00000000f5580000)
 Metaspace       used 57210K, committed 58048K, reserved 1105920K
  class space    used 5557K, committed 5888K, reserved 1048576K
}
Event: 3231.348 GC heap after
{Heap after GC invocations=1272 (full 1208):
 PSYoungGen      total 49664K, used 35328K [0x00000000f5580000, 0x00000000fa300000, 0x0000000100000000)
  eden space 35328K, 100% used [0x00000000f5580000,0x00000000f7800000,0x00000000f7800000)
  from space 14336K, 0% used [0x00000000f7800000,0x00000000f7800000,0x00000000f8600000)
  to   space 20480K, 0% used [0x00000000f8f00000,0x00000000f8f00000,0x00000000fa300000)
 ParOldGen       total 349696K, used 349693K [0x00000000e0000000, 0x00000000f5580000, 0x00000000f5580000)
  object space 349696K, 99% used [0x00000000e0000000,0x00000000f557f510,0x00000000f5580000)
 Metaspace       used 57210K, committed 58048K, reserved 1105920K
  class space    used 5557K, committed 5888K, reserved 1048576K
}
Event: 3231.349 GC heap before
{Heap before GC invocations=1273 (full 1209):
 PSYoungGen      total 49664K, used 35328K [0x00000000f5580000, 0x00000000fa300000, 0x0000000100000000)
  eden space 35328K, 100% used [0x00000000f5580000,0x00000000f7800000,0x00000000f7800000)
  from space 14336K, 0% used [0x00000000f7800000,0x00000000f7800000,0x00000000f8600000)
  to   space 20480K, 0% used [0x00000000f8f00000,0x00000000f8f00000,0x00000000fa300000)
 ParOldGen       total 349696K, used 349694K [0x00000000e0000000, 0x00000000f5580000, 0x00000000f5580000)
  object space 349696K, 99% used [0x00000000e0000000,0x00000000f557f9a0,0x00000000f5580000)
 Metaspace       used 57210K, committed 58048K, reserved 1105920K
  class space    used 5557K, committed 5888K, reserved 1048576K
}
Event: 3233.837 GC heap after
{Heap after GC invocations=1273 (full 1209):
 PSYoungGen      total 55808K, used 35328K [0x00000000f5580000, 0x00000000fa300000, 0x0000000100000000)
  eden space 35328K, 100% used [0x00000000f5580000,0x00000000f7800000,0x00000000f7800000)
  from space 20480K, 0% used [0x00000000f8f00000,0x00000000f8f00000,0x00000000fa300000)
  to   space 14336K, 0% used [0x00000000f7800000,0x00000000f7800000,0x00000000f8600000)
 ParOldGen       total 349696K, used 349693K [0x00000000e0000000, 0x00000000f5580000, 0x00000000f5580000)
  object space 349696K, 99% used [0x00000000e0000000,0x00000000f557f610,0x00000000f5580000)
 Metaspace       used 57210K, committed 58048K, reserved 1105920K
  class space    used 5557K, committed 5888K, reserved 1048576K
}
Event: 3233.838 GC heap before
{Heap before GC invocations=1274 (full 1210):
 PSYoungGen      total 55808K, used 35328K [0x00000000f5580000, 0x00000000fa300000, 0x0000000100000000)
  eden space 35328K, 100% used [0x00000000f5580000,0x00000000f7800000,0x00000000f7800000)
  from space 20480K, 0% used [0x00000000f8f00000,0x00000000f8f00000,0x00000000fa300000)
  to   space 14336K, 0% used [0x00000000f7800000,0x00000000f7800000,0x00000000f8600000)
 ParOldGen       total 349696K, used 349695K [0x00000000e0000000, 0x00000000f5580000, 0x00000000f5580000)
  object space 349696K, 99% used [0x00000000e0000000,0x00000000f557fde0,0x00000000f5580000)
 Metaspace       used 57210K, committed 58048K, reserved 1105920K
  class space    used 5557K, committed 5888K, reserved 1048576K
}
Event: 3236.451 GC heap after
{Heap after GC invocations=1274 (full 1210):
 PSYoungGen      total 49664K, used 35328K [0x00000000f5580000, 0x00000000fa300000, 0x0000000100000000)
  eden space 35328K, 100% used [0x00000000f5580000,0x00000000f7800000,0x00000000f7800000)
  from space 14336K, 0% used [0x00000000f7800000,0x00000000f7800000,0x00000000f8600000)
  to   space 20480K, 0% used [0x00000000f8f00000,0x00000000f8f00000,0x00000000fa300000)
 ParOldGen       total 349696K, used 349694K [0x00000000e0000000, 0x00000000f5580000, 0x00000000f5580000)
  object space 349696K, 99% used [0x00000000e0000000,0x00000000f557f980,0x00000000f5580000)
 Metaspace       used 57210K, committed 58048K, reserved 1105920K
  class space    used 5557K, committed 5888K, reserved 1048576K
}
Event: 3236.452 GC heap before
{Heap before GC invocations=1275 (full 1211):
 PSYoungGen      total 49664K, used 35328K [0x00000000f5580000, 0x00000000fa300000, 0x0000000100000000)
  eden space 35328K, 100% used [0x00000000f5580000,0x00000000f7800000,0x00000000f7800000)
  from space 14336K, 0% used [0x00000000f7800000,0x00000000f7800000,0x00000000f8600000)
  to   space 20480K, 0% used [0x00000000f8f00000,0x00000000f8f00000,0x00000000fa300000)
 ParOldGen       total 349696K, used 349695K [0x00000000e0000000, 0x00000000f5580000, 0x00000000f5580000)
  object space 349696K, 99% used [0x00000000e0000000,0x00000000f557fd60,0x00000000f5580000)
 Metaspace       used 57210K, committed 58048K, reserved 1105920K
  class space    used 5557K, committed 5888K, reserved 1048576K
}
Event: 3238.710 GC heap after
{Heap after GC invocations=1275 (full 1211):
 PSYoungGen      total 55808K, used 35328K [0x00000000f5580000, 0x00000000fa300000, 0x0000000100000000)
  eden space 35328K, 100% used [0x00000000f5580000,0x00000000f7800000,0x00000000f7800000)
  from space 20480K, 0% used [0x00000000f8f00000,0x00000000f8f00000,0x00000000fa300000)
  to   space 14336K, 0% used [0x00000000f7800000,0x00000000f7800000,0x00000000f8600000)
 ParOldGen       total 349696K, used 349694K [0x00000000e0000000, 0x00000000f5580000, 0x00000000f5580000)
  object space 349696K, 99% used [0x00000000e0000000,0x00000000f557fb70,0x00000000f5580000)
 Metaspace       used 57210K, committed 58048K, reserved 1105920K
  class space    used 5557K, committed 5888K, reserved 1048576K
}
Event: 3238.711 GC heap before
{Heap before GC invocations=1276 (full 1212):
 PSYoungGen      total 55808K, used 35328K [0x00000000f5580000, 0x00000000fa300000, 0x0000000100000000)
  eden space 35328K, 100% used [0x00000000f5580000,0x00000000f7800000,0x00000000f7800000)
  from space 20480K, 0% used [0x00000000f8f00000,0x00000000f8f00000,0x00000000fa300000)
  to   space 14336K, 0% used [0x00000000f7800000,0x00000000f7800000,0x00000000f8600000)
 ParOldGen       total 349696K, used 349695K [0x00000000e0000000, 0x00000000f5580000, 0x00000000f5580000)
  object space 349696K, 99% used [0x00000000e0000000,0x00000000f557fff8,0x00000000f5580000)
 Metaspace       used 57210K, committed 58048K, reserved 1105920K
  class space    used 5557K, committed 5888K, reserved 1048576K
}
Event: 3241.020 GC heap after
{Heap after GC invocations=1276 (full 1212):
 PSYoungGen      total 49664K, used 35328K [0x00000000f5580000, 0x00000000fa300000, 0x0000000100000000)
  eden space 35328K, 100% used [0x00000000f5580000,0x00000000f7800000,0x00000000f7800000)
  from space 14336K, 0% used [0x00000000f7800000,0x00000000f7800000,0x00000000f8600000)
  to   space 20480K, 0% used [0x00000000f8f00000,0x00000000f8f00000,0x00000000fa300000)
 ParOldGen       total 349696K, used 349695K [0x00000000e0000000, 0x00000000f5580000, 0x00000000f5580000)
  object space 349696K, 99% used [0x00000000e0000000,0x00000000f557fd50,0x00000000f5580000)
 Metaspace       used 57210K, committed 58048K, reserved 1105920K
  class space    used 5557K, committed 5888K, reserved 1048576K
}
Event: 3241.020 GC heap before
{Heap before GC invocations=1277 (full 1213):
 PSYoungGen      total 49664K, used 35328K [0x00000000f5580000, 0x00000000fa300000, 0x0000000100000000)
  eden space 35328K, 100% used [0x00000000f5580000,0x00000000f7800000,0x00000000f7800000)
  from space 14336K, 0% used [0x00000000f7800000,0x00000000f7800000,0x00000000f8600000)
  to   space 20480K, 0% used [0x00000000f8f00000,0x00000000f8f00000,0x00000000fa300000)
 ParOldGen       total 349696K, used 349695K [0x00000000e0000000, 0x00000000f5580000, 0x00000000f5580000)
  object space 349696K, 99% used [0x00000000e0000000,0x00000000f557fdc0,0x00000000f5580000)
 Metaspace       used 57210K, committed 58048K, reserved 1105920K
  class space    used 5557K, committed 5888K, reserved 1048576K
}
Event: 3243.324 GC heap after
{Heap after GC invocations=1277 (full 1213):
 PSYoungGen      total 55808K, used 35328K [0x00000000f5580000, 0x00000000fa300000, 0x0000000100000000)
  eden space 35328K, 100% used [0x00000000f5580000,0x00000000f7800000,0x00000000f7800000)
  from space 20480K, 0% used [0x00000000f8f00000,0x00000000f8f00000,0x00000000fa300000)
  to   space 14336K, 0% used [0x00000000f7800000,0x00000000f7800000,0x00000000f8600000)
 ParOldGen       total 349696K, used 349695K [0x00000000e0000000, 0x00000000f5580000, 0x00000000f5580000)
  object space 349696K, 99% used [0x00000000e0000000,0x00000000f557fd30,0x00000000f5580000)
 Metaspace       used 57210K, committed 58048K, reserved 1105920K
  class space    used 5557K, committed 5888K, reserved 1048576K
}
Event: 3243.324 GC heap before
{Heap before GC invocations=1278 (full 1214):
 PSYoungGen      total 55808K, used 35328K [0x00000000f5580000, 0x00000000fa300000, 0x0000000100000000)
  eden space 35328K, 100% used [0x00000000f5580000,0x00000000f7800000,0x00000000f7800000)
  from space 20480K, 0% used [0x00000000f8f00000,0x00000000f8f00000,0x00000000fa300000)
  to   space 14336K, 0% used [0x00000000f7800000,0x00000000f7800000,0x00000000f8600000)
 ParOldGen       total 349696K, used 349695K [0x00000000e0000000, 0x00000000f5580000, 0x00000000f5580000)
  object space 349696K, 99% used [0x00000000e0000000,0x00000000f557fe10,0x00000000f5580000)
 Metaspace       used 57210K, committed 58048K, reserved 1105920K
  class space    used 5557K, committed 5888K, reserved 1048576K
}
Event: 3245.622 GC heap after
{Heap after GC invocations=1278 (full 1214):
 PSYoungGen      total 49664K, used 35328K [0x00000000f5580000, 0x00000000fa300000, 0x0000000100000000)
  eden space 35328K, 100% used [0x00000000f5580000,0x00000000f7800000,0x00000000f7800000)
  from space 14336K, 0% used [0x00000000f7800000,0x00000000f7800000,0x00000000f8600000)
  to   space 20480K, 0% used [0x00000000f8f00000,0x00000000f8f00000,0x00000000fa300000)
 ParOldGen       total 349696K, used 349695K [0x00000000e0000000, 0x00000000f5580000, 0x00000000f5580000)
  object space 349696K, 99% used [0x00000000e0000000,0x00000000f557fd30,0x00000000f5580000)
 Metaspace       used 57210K, committed 58048K, reserved 1105920K
  class space    used 5557K, committed 5888K, reserved 1048576K
}
Event: 3245.622 GC heap before
{Heap before GC invocations=1279 (full 1215):
 PSYoungGen      total 49664K, used 35328K [0x00000000f5580000, 0x00000000fa300000, 0x0000000100000000)
  eden space 35328K, 100% used [0x00000000f5580000,0x00000000f7800000,0x00000000f7800000)
  from space 14336K, 0% used [0x00000000f7800000,0x00000000f7800000,0x00000000f8600000)
  to   space 20480K, 0% used [0x00000000f8f00000,0x00000000f8f00000,0x00000000fa300000)
 ParOldGen       total 349696K, used 349695K [0x00000000e0000000, 0x00000000f5580000, 0x00000000f5580000)
  object space 349696K, 99% used [0x00000000e0000000,0x00000000f557fd30,0x00000000f5580000)
 Metaspace       used 57210K, committed 58048K, reserved 1105920K
  class space    used 5557K, committed 5888K, reserved 1048576K
}
Event: 3247.907 GC heap after
{Heap after GC invocations=1279 (full 1215):
 PSYoungGen      total 55808K, used 35328K [0x00000000f5580000, 0x00000000fa300000, 0x0000000100000000)
  eden space 35328K, 100% used [0x00000000f5580000,0x00000000f7800000,0x00000000f7800000)
  from space 20480K, 0% used [0x00000000f8f00000,0x00000000f8f00000,0x00000000fa300000)
  to   space 14336K, 0% used [0x00000000f7800000,0x00000000f7800000,0x00000000f8600000)
 ParOldGen       total 349696K, used 349695K [0x00000000e0000000, 0x00000000f5580000, 0x00000000f5580000)
  object space 349696K, 99% used [0x00000000e0000000,0x00000000f557fd30,0x00000000f5580000)
 Metaspace       used 57210K, committed 58048K, reserved 1105920K
  class space    used 5557K, committed 5888K, reserved 1048576K
}

